102.10.19 23:29 B C:\Eigene Dateien\Eigene Bilder\homepage\geraete\ime84.jpg --> www.technikmuseum-main-taunus.de /geraete ime84.jpg
102.10.19 23:29 B C:\Eigene Dateien\Eigene Bilder\homepage\geraete\eai180.jpg --> www.technikmuseum-main-taunus.de /geraete eai180.jpg
102.10.19 23:29 B C:\Eigene Dateien\Eigene Bilder\homepage\geraete\fultograph.jpg --> www.technikmuseum-main-taunus.de /geraete fultograph.jpg
102.10.19 23:32 B C:\Eigene Dateien\Eigene Bilder\homepage\geraete\diehl-vsr-18.jpg --> www.technikmuseum-main-taunus.de /geraete diehl-vsr-18.jpg
102.10.25 22:33 B C:\Eigene Dateien\Eigene Bilder\homepage\geraete\ampex.htm --> www.technikmuseum-main-taunus.de /geraete ampex.htm
102.10.25 22:33 B C:\Eigene Dateien\Eigene Bilder\homepage\geraete\ultramar_hinten.htm --> www.technikmuseum-main-taunus.de /geraete ultramar_hinten.htm
103.03.14 20:46 B C:\Eigene Dateien\Eigene Bilder\homepage\geraete\pdp_8I.htm --> www.technikmuseum-main-taunus.de /geraete pdp_8I.htm
104.01.13 22:53 B C:\WINDOWS\DESKTOP\Homepage (Design 4 - neu)\Homepage (neues Design Version 4)\geraete\WS_FTP.LOG <-- Sveni Compi connection /Heribert/Homepage (neues Design Version 4)/geraete WS_FTP.LOG
104.01.30 19:13 B C:\WINDOWS\DESKTOP\Homepage (Design 4 - neu)\Homepage (neues Design Version 4)\geraete\16k-kernspeicher.htm --> sveni /berti/geraete 16k-kernspeicher.htm
104.01.30 19:13 B C:\WINDOWS\DESKTOP\Homepage (Design 4 - neu)\Homepage (neues Design Version 4)\geraete\16k-kernspeicher.jpg --> sveni /berti/geraete 16k-kernspeicher.jpg
104.01.30 19:13 B C:\WINDOWS\DESKTOP\Homepage (Design 4 - neu)\Homepage (neues Design Version 4)\geraete\ampex.htm --> sveni /berti/geraete ampex.htm
104.01.30 19:13 B C:\WINDOWS\DESKTOP\Homepage (Design 4 - neu)\Homepage (neues Design Version 4)\geraete\ampex.jpg --> sveni /berti/geraete ampex.jpg
104.01.30 19:13 B C:\WINDOWS\DESKTOP\Homepage (Design 4 - neu)\Homepage (neues Design Version 4)\geraete\analogrechner.jpg --> sveni /berti/geraete analogrechner.jpg
104.01.30 19:13 B C:\WINDOWS\DESKTOP\Homepage (Design 4 - neu)\Homepage (neues Design Version 4)\geraete\anita-anzeige.jpg --> sveni /berti/geraete anita-anzeige.jpg
104.01.30 19:13 B C:\WINDOWS\DESKTOP\Homepage (Design 4 - neu)\Homepage (neues Design Version 4)\geraete\anita-teile.jpg --> sveni /berti/geraete anita-teile.jpg
104.01.30 19:13 B C:\WINDOWS\DESKTOP\Homepage (Design 4 - neu)\Homepage (neues Design Version 4)\geraete\anita.htm --> sveni /berti/geraete anita.htm
104.01.30 19:13 B C:\WINDOWS\DESKTOP\Homepage (Design 4 - neu)\Homepage (neues Design Version 4)\geraete\anita.jpg --> sveni /berti/geraete anita.jpg
104.01.30 19:13 B C:\WINDOWS\DESKTOP\Homepage (Design 4 - neu)\Homepage (neues Design Version 4)\geraete\diehl-vsr-18.jpg --> sveni /berti/geraete diehl-vsr-18.jpg
104.01.30 19:13 B C:\WINDOWS\DESKTOP\Homepage (Design 4 - neu)\Homepage (neues Design Version 4)\geraete\diehl.htm --> sveni /berti/geraete diehl.htm
104.01.30 19:13 B C:\WINDOWS\DESKTOP\Homepage (Design 4 - neu)\Homepage (neues Design Version 4)\geraete\diehl.jpg --> sveni /berti/geraete diehl.jpg
104.01.30 19:13 B C:\WINDOWS\DESKTOP\Homepage (Design 4 - neu)\Homepage (neues Design Version 4)\geraete\diktiergeraet.jpg --> sveni /berti/geraete diktiergeraet.jpg
104.01.30 19:13 B C:\WINDOWS\DESKTOP\Homepage (Design 4 - neu)\Homepage (neues Design Version 4)\geraete\eai180.jpg --> sveni /berti/geraete eai180.jpg
104.01.30 19:13 B C:\WINDOWS\DESKTOP\Homepage (Design 4 - neu)\Homepage (neues Design Version 4)\geraete\ferrofon.jpg --> sveni /berti/geraete ferrofon.jpg
104.01.30 19:13 B C:\WINDOWS\DESKTOP\Homepage (Design 4 - neu)\Homepage (neues Design Version 4)\geraete\fultograph.jpg --> sveni /berti/geraete fultograph.jpg
104.01.30 19:13 B C:\WINDOWS\DESKTOP\Homepage (Design 4 - neu)\Homepage (neues Design Version 4)\geraete\funktionsschema.gif --> sveni /berti/geraete funktionsschema.gif
104.01.30 19:13 B C:\WINDOWS\DESKTOP\Homepage (Design 4 - neu)\Homepage (neues Design Version 4)\geraete\funktionsschema.htm --> sveni /berti/geraete funktionsschema.htm
104.01.30 19:13 B C:\WINDOWS\DESKTOP\Homepage (Design 4 - neu)\Homepage (neues Design Version 4)\geraete\galvanometer.jpg --> sveni /berti/geraete galvanometer.jpg
104.01.30 19:13 B C:\WINDOWS\DESKTOP\Homepage (Design 4 - neu)\Homepage (neues Design Version 4)\geraete\hell-fax.jpg --> sveni /berti/geraete hell-fax.jpg
104.01.30 19:13 B C:\WINDOWS\DESKTOP\Homepage (Design 4 - neu)\Homepage (neues Design Version 4)\geraete\huth.jpg --> sveni /berti/geraete huth.jpg
104.01.30 19:13 B C:\WINDOWS\DESKTOP\Homepage (Design 4 - neu)\Homepage (neues Design Version 4)\geraete\ime84.jpg --> sveni /berti/geraete ime84.jpg
104.01.30 19:13 B C:\WINDOWS\DESKTOP\Homepage (Design 4 - neu)\Homepage (neues Design Version 4)\geraete\kernspeicher.jpg --> sveni /berti/geraete kernspeicher.jpg
104.01.30 19:13 B C:\WINDOWS\DESKTOP\Homepage (Design 4 - neu)\Homepage (neues Design Version 4)\geraete\lab_8e.htm --> sveni /berti/geraete lab_8e.htm
104.01.30 19:14 B C:\WINDOWS\DESKTOP\Homepage (Design 4 - neu)\Homepage (neues Design Version 4)\geraete\lab_8e.jpg --> sveni /berti/geraete lab_8e.jpg
104.01.30 19:14 B C:\WINDOWS\DESKTOP\Homepage (Design 4 - neu)\Homepage (neues Design Version 4)\geraete\laufzeitspeicher.htm --> sveni /berti/geraete laufzeitspeicher.htm
104.01.30 19:14 B C:\WINDOWS\DESKTOP\Homepage (Design 4 - neu)\Homepage (neues Design Version 4)\geraete\laufzeitspeicher.jpg --> sveni /berti/geraete laufzeitspeicher.jpg
104.01.30 19:14 B C:\WINDOWS\DESKTOP\Homepage (Design 4 - neu)\Homepage (neues Design Version 4)\geraete\madas.jpg --> sveni /berti/geraete madas.jpg
104.01.30 19:14 B C:\WINDOWS\DESKTOP\Homepage (Design 4 - neu)\Homepage (neues Design Version 4)\geraete\metz.jpg --> sveni /berti/geraete metz.jpg
104.01.30 19:14 B C:\WINDOWS\DESKTOP\Homepage (Design 4 - neu)\Homepage (neues Design Version 4)\geraete\minivac.htm --> sveni /berti/geraete minivac.htm
104.01.30 19:14 B C:\WINDOWS\DESKTOP\Homepage (Design 4 - neu)\Homepage (neues Design Version 4)\geraete\minivac.jpg --> sveni /berti/geraete minivac.jpg
104.01.30 19:14 B C:\WINDOWS\DESKTOP\Homepage (Design 4 - neu)\Homepage (neues Design Version 4)\geraete\olympia_schreib.htm --> sveni /berti/geraete olympia_schreib.htm
104.01.30 19:14 B C:\WINDOWS\DESKTOP\Homepage (Design 4 - neu)\Homepage (neues Design Version 4)\geraete\pdp_8.jpg --> sveni /berti/geraete pdp_8.jpg
104.01.30 19:14 B C:\WINDOWS\DESKTOP\Homepage (Design 4 - neu)\Homepage (neues Design Version 4)\geraete\pdp_8_l.jpg --> sveni /berti/geraete pdp_8_l.jpg
104.01.30 19:14 B C:\WINDOWS\DESKTOP\Homepage (Design 4 - neu)\Homepage (neues Design Version 4)\geraete\pdp_8_linker.htm --> sveni /berti/geraete pdp_8_linker.htm
104.01.30 19:14 B C:\WINDOWS\DESKTOP\Homepage (Design 4 - neu)\Homepage (neues Design Version 4)\geraete\pdp_8_linker.jpg --> sveni /berti/geraete pdp_8_linker.jpg
104.01.30 19:14 B C:\WINDOWS\DESKTOP\Homepage (Design 4 - neu)\Homepage (neues Design Version 4)\geraete\pdp_8I.htm --> sveni /berti/geraete pdp_8I.htm
104.01.30 19:14 B C:\WINDOWS\DESKTOP\Homepage (Design 4 - neu)\Homepage (neues Design Version 4)\geraete\pdp_8i.jpg --> sveni /berti/geraete pdp_8i.jpg
104.01.30 19:14 B C:\WINDOWS\DESKTOP\Homepage (Design 4 - neu)\Homepage (neues Design Version 4)\geraete\progr101.jpg --> sveni /berti/geraete progr101.jpg
104.01.30 19:14 B C:\WINDOWS\DESKTOP\Homepage (Design 4 - neu)\Homepage (neues Design Version 4)\geraete\saba.jpg --> sveni /berti/geraete saba.jpg
104.01.30 19:14 B C:\WINDOWS\DESKTOP\Homepage (Design 4 - neu)\Homepage (neues Design Version 4)\geraete\schreibautomat.jpg --> sveni /berti/geraete schreibautomat.jpg
104.01.30 19:14 B C:\WINDOWS\DESKTOP\Homepage (Design 4 - neu)\Homepage (neues Design Version 4)\geraete\siemens_fax.jpg --> sveni /berti/geraete siemens_fax.jpg
104.01.30 19:14 B C:\WINDOWS\DESKTOP\Homepage (Design 4 - neu)\Homepage (neues Design Version 4)\geraete\telefunken_650.htm --> sveni /berti/geraete telefunken_650.htm
104.01.30 19:14 B C:\WINDOWS\DESKTOP\Homepage (Design 4 - neu)\Homepage (neues Design Version 4)\geraete\telefunken_650.jpg --> sveni /berti/geraete telefunken_650.jpg
104.01.30 19:14 B C:\WINDOWS\DESKTOP\Homepage (Design 4 - neu)\Homepage (neues Design Version 4)\geraete\telefunken_w90.jpg --> sveni /berti/geraete telefunken_w90.jpg
104.01.30 19:14 B C:\WINDOWS\DESKTOP\Homepage (Design 4 - neu)\Homepage (neues Design Version 4)\geraete\ultramar.jpg --> sveni /berti/geraete ultramar.jpg
104.01.30 19:14 B C:\WINDOWS\DESKTOP\Homepage (Design 4 - neu)\Homepage (neues Design Version 4)\geraete\ultramar_hinten.htm --> sveni /berti/geraete ultramar_hinten.htm
104.01.30 19:14 B C:\WINDOWS\DESKTOP\Homepage (Design 4 - neu)\Homepage (neues Design Version 4)\geraete\ultramar_hinten.jpg --> sveni /berti/geraete ultramar_hinten.jpg
104.01.30 19:14 B C:\WINDOWS\DESKTOP\Homepage (Design 4 - neu)\Homepage (neues Design Version 4)\geraete\wanderer.htm --> sveni /berti/geraete wanderer.htm
104.01.30 19:14 B C:\WINDOWS\DESKTOP\Homepage (Design 4 - neu)\Homepage (neues Design Version 4)\geraete\wanderer.jpg --> sveni /berti/geraete wanderer.jpg
104.01.30 19:14 B C:\WINDOWS\DESKTOP\Homepage (Design 4 - neu)\Homepage (neues Design Version 4)\geraete\wang2200.htm --> sveni /berti/geraete wang2200.htm
104.01.30 19:14 B C:\WINDOWS\DESKTOP\Homepage (Design 4 - neu)\Homepage (neues Design Version 4)\geraete\wang2200.jpg --> sveni /berti/geraete wang2200.jpg
104.01.30 19:14 B C:\WINDOWS\DESKTOP\Homepage (Design 4 - neu)\Homepage (neues Design Version 4)\geraete\wang700.jpg --> sveni /berti/geraete wang700.jpg
104.01.30 19:14 B C:\WINDOWS\DESKTOP\Homepage (Design 4 - neu)\Homepage (neues Design Version 4)\geraete\WS_FTP.LOG --> sveni /berti/geraete WS_FTP.LOG
104.02.16 22:07 B C:\WINDOWS\DESKTOP\Homepage (Design 4 - neu)\Homepage (neues Design Version 4)\geraete\16k-kernspeicher.htm --> www.technikmuseum-main-taunus.de /geraete 16k-kernspeicher.htm
104.02.16 22:08 B C:\WINDOWS\DESKTOP\Homepage (Design 4 - neu)\Homepage (neues Design Version 4)\geraete\16k-kernspeicher.jpg --> www.technikmuseum-main-taunus.de /geraete 16k-kernspeicher.jpg
104.02.16 22:08 B C:\WINDOWS\DESKTOP\Homepage (Design 4 - neu)\Homepage (neues Design Version 4)\geraete\ampex.htm --> www.technikmuseum-main-taunus.de /geraete ampex.htm
104.02.16 22:08 B C:\WINDOWS\DESKTOP\Homepage (Design 4 - neu)\Homepage (neues Design Version 4)\geraete\ampex.jpg --> www.technikmuseum-main-taunus.de /geraete ampex.jpg
104.02.16 22:08 B C:\WINDOWS\DESKTOP\Homepage (Design 4 - neu)\Homepage (neues Design Version 4)\geraete\analogrechner.jpg --> www.technikmuseum-main-taunus.de /geraete analogrechner.jpg
104.02.16 22:08 B C:\WINDOWS\DESKTOP\Homepage (Design 4 - neu)\Homepage (neues Design Version 4)\geraete\anita-anzeige.jpg --> www.technikmuseum-main-taunus.de /geraete anita-anzeige.jpg
104.02.16 22:08 B C:\WINDOWS\DESKTOP\Homepage (Design 4 - neu)\Homepage (neues Design Version 4)\geraete\anita-teile.jpg --> www.technikmuseum-main-taunus.de /geraete anita-teile.jpg
104.02.16 22:08 B C:\WINDOWS\DESKTOP\Homepage (Design 4 - neu)\Homepage (neues Design Version 4)\geraete\anita.htm --> www.technikmuseum-main-taunus.de /geraete anita.htm
104.02.16 22:08 B C:\WINDOWS\DESKTOP\Homepage (Design 4 - neu)\Homepage (neues Design Version 4)\geraete\anita.jpg --> www.technikmuseum-main-taunus.de /geraete anita.jpg
104.02.16 22:08 B C:\WINDOWS\DESKTOP\Homepage (Design 4 - neu)\Homepage (neues Design Version 4)\geraete\diehl-vsr-18.jpg --> www.technikmuseum-main-taunus.de /geraete diehl-vsr-18.jpg
104.02.16 22:08 B C:\WINDOWS\DESKTOP\Homepage (Design 4 - neu)\Homepage (neues Design Version 4)\geraete\diehl.htm --> www.technikmuseum-main-taunus.de /geraete diehl.htm
104.02.16 22:08 B C:\WINDOWS\DESKTOP\Homepage (Design 4 - neu)\Homepage (neues Design Version 4)\geraete\diehl.jpg --> www.technikmuseum-main-taunus.de /geraete diehl.jpg
104.02.16 22:08 B C:\WINDOWS\DESKTOP\Homepage (Design 4 - neu)\Homepage (neues Design Version 4)\geraete\diktiergeraet.jpg --> www.technikmuseum-main-taunus.de /geraete diktiergeraet.jpg
104.02.16 22:09 B C:\WINDOWS\DESKTOP\Homepage (Design 4 - neu)\Homepage (neues Design Version 4)\geraete\eai180.jpg --> www.technikmuseum-main-taunus.de /geraete eai180.jpg
104.02.16 22:09 B C:\WINDOWS\DESKTOP\Homepage (Design 4 - neu)\Homepage (neues Design Version 4)\geraete\ferrofon.jpg --> www.technikmuseum-main-taunus.de /geraete ferrofon.jpg
104.02.16 22:09 B C:\WINDOWS\DESKTOP\Homepage (Design 4 - neu)\Homepage (neues Design Version 4)\geraete\fultograph.jpg --> www.technikmuseum-main-taunus.de /geraete fultograph.jpg
104.02.16 22:09 B C:\WINDOWS\DESKTOP\Homepage (Design 4 - neu)\Homepage (neues Design Version 4)\geraete\funktionsschema.gif --> www.technikmuseum-main-taunus.de /geraete funktionsschema.gif
104.02.16 22:09 B C:\WINDOWS\DESKTOP\Homepage (Design 4 - neu)\Homepage (neues Design Version 4)\geraete\funktionsschema.htm --> www.technikmuseum-main-taunus.de /geraete funktionsschema.htm
104.02.16 22:09 B C:\WINDOWS\DESKTOP\Homepage (Design 4 - neu)\Homepage (neues Design Version 4)\geraete\galvanometer.jpg --> www.technikmuseum-main-taunus.de /geraete galvanometer.jpg
104.02.16 22:09 B C:\WINDOWS\DESKTOP\Homepage (Design 4 - neu)\Homepage (neues Design Version 4)\geraete\hell-fax.jpg --> www.technikmuseum-main-taunus.de /geraete hell-fax.jpg
104.02.16 22:09 B C:\WINDOWS\DESKTOP\Homepage (Design 4 - neu)\Homepage (neues Design Version 4)\geraete\huth.jpg --> www.technikmuseum-main-taunus.de /geraete huth.jpg
104.02.16 22:09 B C:\WINDOWS\DESKTOP\Homepage (Design 4 - neu)\Homepage (neues Design Version 4)\geraete\ime84.jpg --> www.technikmuseum-main-taunus.de /geraete ime84.jpg
104.02.16 22:09 B C:\WINDOWS\DESKTOP\Homepage (Design 4 - neu)\Homepage (neues Design Version 4)\geraete\kernspeicher.jpg --> www.technikmuseum-main-taunus.de /geraete kernspeicher.jpg
104.02.16 22:09 B C:\WINDOWS\DESKTOP\Homepage (Design 4 - neu)\Homepage (neues Design Version 4)\geraete\lab_8e.htm --> www.technikmuseum-main-taunus.de /geraete lab_8e.htm
104.02.16 22:09 B C:\WINDOWS\DESKTOP\Homepage (Design 4 - neu)\Homepage (neues Design Version 4)\geraete\lab_8e.jpg --> www.technikmuseum-main-taunus.de /geraete lab_8e.jpg
104.02.16 22:09 B C:\WINDOWS\DESKTOP\Homepage (Design 4 - neu)\Homepage (neues Design Version 4)\geraete\laufzeitspeicher.htm --> www.technikmuseum-main-taunus.de /geraete laufzeitspeicher.htm
104.02.16 22:09 B C:\WINDOWS\DESKTOP\Homepage (Design 4 - neu)\Homepage (neues Design Version 4)\geraete\laufzeitspeicher.jpg --> www.technikmuseum-main-taunus.de /geraete laufzeitspeicher.jpg
104.02.16 22:09 B C:\WINDOWS\DESKTOP\Homepage (Design 4 - neu)\Homepage (neues Design Version 4)\geraete\madas.jpg --> www.technikmuseum-main-taunus.de /geraete madas.jpg
104.02.16 22:10 B C:\WINDOWS\DESKTOP\Homepage (Design 4 - neu)\Homepage (neues Design Version 4)\geraete\metz.jpg --> www.technikmuseum-main-taunus.de /geraete metz.jpg
104.02.16 22:10 B C:\WINDOWS\DESKTOP\Homepage (Design 4 - neu)\Homepage (neues Design Version 4)\geraete\minivac.htm --> www.technikmuseum-main-taunus.de /geraete minivac.htm
104.02.16 22:10 B C:\WINDOWS\DESKTOP\Homepage (Design 4 - neu)\Homepage (neues Design Version 4)\geraete\minivac.jpg --> www.technikmuseum-main-taunus.de /geraete minivac.jpg
104.02.16 22:10 B C:\WINDOWS\DESKTOP\Homepage (Design 4 - neu)\Homepage (neues Design Version 4)\geraete\olympia_schreib.htm --> www.technikmuseum-main-taunus.de /geraete olympia_schreib.htm
104.02.16 22:10 B C:\WINDOWS\DESKTOP\Homepage (Design 4 - neu)\Homepage (neues Design Version 4)\geraete\pdp_8.jpg --> www.technikmuseum-main-taunus.de /geraete pdp_8.jpg
104.02.16 22:10 B C:\WINDOWS\DESKTOP\Homepage (Design 4 - neu)\Homepage (neues Design Version 4)\geraete\pdp_8_l.jpg --> www.technikmuseum-main-taunus.de /geraete pdp_8_l.jpg
104.02.16 22:10 B C:\WINDOWS\DESKTOP\Homepage (Design 4 - neu)\Homepage (neues Design Version 4)\geraete\pdp_8_linker.htm --> www.technikmuseum-main-taunus.de /geraete pdp_8_linker.htm
104.02.16 22:10 B C:\WINDOWS\DESKTOP\Homepage (Design 4 - neu)\Homepage (neues Design Version 4)\geraete\pdp_8_linker.jpg --> www.technikmuseum-main-taunus.de /geraete pdp_8_linker.jpg
104.02.16 22:10 B C:\WINDOWS\DESKTOP\Homepage (Design 4 - neu)\Homepage (neues Design Version 4)\geraete\pdp_8I.htm --> www.technikmuseum-main-taunus.de /geraete pdp_8I.htm
104.02.16 22:10 B C:\WINDOWS\DESKTOP\Homepage (Design 4 - neu)\Homepage (neues Design Version 4)\geraete\pdp_8i.jpg --> www.technikmuseum-main-taunus.de /geraete pdp_8i.jpg
104.02.16 22:10 B C:\WINDOWS\DESKTOP\Homepage (Design 4 - neu)\Homepage (neues Design Version 4)\geraete\progr101.jpg --> www.technikmuseum-main-taunus.de /geraete progr101.jpg
104.02.16 22:10 B C:\WINDOWS\DESKTOP\Homepage (Design 4 - neu)\Homepage (neues Design Version 4)\geraete\saba.jpg --> www.technikmuseum-main-taunus.de /geraete saba.jpg
104.02.16 22:10 B C:\WINDOWS\DESKTOP\Homepage (Design 4 - neu)\Homepage (neues Design Version 4)\geraete\schreibautomat.jpg --> www.technikmuseum-main-taunus.de /geraete schreibautomat.jpg
104.02.16 22:10 B C:\WINDOWS\DESKTOP\Homepage (Design 4 - neu)\Homepage (neues Design Version 4)\geraete\siemens_fax.jpg --> www.technikmuseum-main-taunus.de /geraete siemens_fax.jpg
104.02.16 22:10 B C:\WINDOWS\DESKTOP\Homepage (Design 4 - neu)\Homepage (neues Design Version 4)\geraete\telefunken_650.htm --> www.technikmuseum-main-taunus.de /geraete telefunken_650.htm
104.02.16 22:10 B C:\WINDOWS\DESKTOP\Homepage (Design 4 - neu)\Homepage (neues Design Version 4)\geraete\telefunken_650.jpg --> www.technikmuseum-main-taunus.de /geraete telefunken_650.jpg
104.02.16 22:11 B C:\WINDOWS\DESKTOP\Homepage (Design 4 - neu)\Homepage (neues Design Version 4)\geraete\telefunken_w90.jpg --> www.technikmuseum-main-taunus.de /geraete telefunken_w90.jpg
104.02.16 22:11 B C:\WINDOWS\DESKTOP\Homepage (Design 4 - neu)\Homepage (neues Design Version 4)\geraete\ultramar.jpg --> www.technikmuseum-main-taunus.de /geraete ultramar.jpg
104.02.16 22:11 B C:\WINDOWS\DESKTOP\Homepage (Design 4 - neu)\Homepage (neues Design Version 4)\geraete\ultramar_hinten.htm --> www.technikmuseum-main-taunus.de /geraete ultramar_hinten.htm
104.02.16 22:11 B C:\WINDOWS\DESKTOP\Homepage (Design 4 - neu)\Homepage (neues Design Version 4)\geraete\ultramar_hinten.jpg --> www.technikmuseum-main-taunus.de /geraete ultramar_hinten.jpg
104.02.16 22:11 B C:\WINDOWS\DESKTOP\Homepage (Design 4 - neu)\Homepage (neues Design Version 4)\geraete\wanderer.htm --> www.technikmuseum-main-taunus.de /geraete wanderer.htm
104.02.16 22:11 B C:\WINDOWS\DESKTOP\Homepage (Design 4 - neu)\Homepage (neues Design Version 4)\geraete\wanderer.jpg --> www.technikmuseum-main-taunus.de /geraete wanderer.jpg
104.02.16 22:11 B C:\WINDOWS\DESKTOP\Homepage (Design 4 - neu)\Homepage (neues Design Version 4)\geraete\wang2200.htm --> www.technikmuseum-main-taunus.de /geraete wang2200.htm
104.02.16 22:11 B C:\WINDOWS\DESKTOP\Homepage (Design 4 - neu)\Homepage (neues Design Version 4)\geraete\wang2200.jpg --> www.technikmuseum-main-taunus.de /geraete wang2200.jpg
104.02.16 22:11 B C:\WINDOWS\DESKTOP\Homepage (Design 4 - neu)\Homepage (neues Design Version 4)\geraete\wang700.jpg --> www.technikmuseum-main-taunus.de /geraete wang700.jpg
